<?xml version="1.0" encoding="UTF-8"?>
<!-- Generated by org.testng.reporters.JUnitXMLReporter -->
<testsuite hostname="WIN-QAG77A5HB8M" ignored="2" name="Test" tests="2" failures="0" timestamp="2022-03-29T11:29:37 IST" time="44.913" errors="0">
  <testcase name="verifyAddingOptionToCartAndCheckout" time="18.625" classname="com.qa.tests.ScenarioOne"/>
  <testcase name="verifyAddingAndRemovingOptionsFromCartAndCheckout" time="22.694" classname="com.qa.tests.ScenarioTwo"/>
  <testcase name="@BeforeSuite setup" time="0.0" classname="com.qa.BaseTest">
    <ignored/>
  </testcase> <!-- @BeforeSuite setup -->
  <testcase name="@AfterSuite tearDown" time="0.0" classname="com.qa.BaseTest">
    <ignored/>
  </testcase> <!-- @AfterSuite tearDown -->
</testsuite> <!-- Test -->
